C:\USERS\ZHITAO LI\DOCUMENTS\VISUAL STUDIO 2012\PROJECTS\FREEFALCON\F4COMPRESS\DEBUG\ALIST.SBR
C:\USERS\ZHITAO LI\DOCUMENTS\VISUAL STUDIO 2012\PROJECTS\FREEFALCON\F4COMPRESS\DEBUG\CAMPSTR.SBR
C:\USERS\ZHITAO LI\DOCUMENTS\VISUAL STUDIO 2012\PROJECTS\FREEFALCON\F4COMPRESS\DEBUG\DEBUGGR.SBR
C:\USERS\ZHITAO LI\DOCUMENTS\VISUAL STUDIO 2012\PROJECTS\FREEFALCON\F4COMPRESS\DEBUG\DISPCFG.SBR
C:\USERS\ZHITAO LI\DOCUMENTS\VISUAL STUDIO 2012\PROJECTS\FREEFALCON\F4COMPRESS\DEBUG\DISPOPTS.SBR
C:\USERS\ZHITAO LI\DOCUMENTS\VISUAL STUDIO 2012\PROJECTS\FREEFALCON\F4COMPRESS\DEBUG\F4COMPRESS.SBR
C:\USERS\ZHITAO LI\DOCUMENTS\VISUAL STUDIO 2012\PROJECTS\FREEFALCON\F4COMPRESS\DEBUG\F4CONFIG.SBR
C:\USERS\ZHITAO LI\DOCUMENTS\VISUAL STUDIO 2012\PROJECTS\FREEFALCON\F4COMPRESS\DEBUG\F4FIND.SBR
C:\USERS\ZHITAO LI\DOCUMENTS\VISUAL STUDIO 2012\PROJECTS\FREEFALCON\F4COMPRESS\DEBUG\FILE.SBR
C:\USERS\ZHITAO LI\DOCUMENTS\VISUAL STUDIO 2012\PROJECTS\FREEFALCON\F4COMPRESS\DEBUG\FILEMEMMAP.SBR
C:\USERS\ZHITAO LI\DOCUMENTS\VISUAL STUDIO 2012\PROJECTS\FREEFALCON\F4COMPRESS\DEBUG\LZSS.SBR
C:\USERS\ZHITAO LI\DOCUMENTS\VISUAL STUDIO 2012\PROJECTS\FREEFALCON\F4COMPRESS\DEBUG\OPENFILE.SBR
C:\USERS\ZHITAO LI\DOCUMENTS\VISUAL STUDIO 2012\PROJECTS\FREEFALCON\F4COMPRESS\DEBUG\PLAYEROP.SBR
C:\USERS\ZHITAO LI\DOCUMENTS\VISUAL STUDIO 2012\PROJECTS\FREEFALCON\F4COMPRESS\DEBUG\THEATERDEF.SBR
C:\USERS\ZHITAO LI\DOCUMENTS\VISUAL STUDIO 2012\PROJECTS\FREEFALCON\F4COMPRESS\DEBUG\TOKEN.SBR
C:\USERS\ZHITAO LI\DOCUMENTS\VISUAL STUDIO 2012\PROJECTS\FREEFALCON\F4COMPRESS\DEBUG\TOKEN.OBJ
C:\USERS\ZHITAO LI\DOCUMENTS\VISUAL STUDIO 2012\PROJECTS\FREEFALCON\F4COMPRESS\DEBUG\THEATERDEF.OBJ
C:\USERS\ZHITAO LI\DOCUMENTS\VISUAL STUDIO 2012\PROJECTS\FREEFALCON\F4COMPRESS\DEBUG\PLAYEROP.OBJ
C:\USERS\ZHITAO LI\DOCUMENTS\VISUAL STUDIO 2012\PROJECTS\FREEFALCON\F4COMPRESS\DEBUG\OPENFILE.OBJ
C:\USERS\ZHITAO LI\DOCUMENTS\VISUAL STUDIO 2012\PROJECTS\FREEFALCON\F4COMPRESS\DEBUG\LZSS.OBJ
C:\USERS\ZHITAO LI\DOCUMENTS\VISUAL STUDIO 2012\PROJECTS\FREEFALCON\F4COMPRESS\DEBUG\FILEMEMMAP.OBJ
C:\USERS\ZHITAO LI\DOCUMENTS\VISUAL STUDIO 2012\PROJECTS\FREEFALCON\F4COMPRESS\DEBUG\FILE.OBJ
C:\USERS\ZHITAO LI\DOCUMENTS\VISUAL STUDIO 2012\PROJECTS\FREEFALCON\F4COMPRESS\DEBUG\F4FIND.OBJ
C:\USERS\ZHITAO LI\DOCUMENTS\VISUAL STUDIO 2012\PROJECTS\FREEFALCON\F4COMPRESS\DEBUG\DISPOPTS.OBJ
C:\USERS\ZHITAO LI\DOCUMENTS\VISUAL STUDIO 2012\PROJECTS\FREEFALCON\F4COMPRESS\DEBUG\DISPCFG.OBJ
C:\USERS\ZHITAO LI\DOCUMENTS\VISUAL STUDIO 2012\PROJECTS\FREEFALCON\F4COMPRESS\DEBUG\DEBUGGR.OBJ
C:\USERS\ZHITAO LI\DOCUMENTS\VISUAL STUDIO 2012\PROJECTS\FREEFALCON\F4COMPRESS\DEBUG\CAMPSTR.OBJ
C:\USERS\ZHITAO LI\DOCUMENTS\VISUAL STUDIO 2012\PROJECTS\FREEFALCON\F4COMPRESS\DEBUG\ALIST.OBJ
C:\USERS\ZHITAO LI\DOCUMENTS\VISUAL STUDIO 2012\PROJECTS\FREEFALCON\F4COMPRESS\DEBUG\
C:\USERS\ZHITAO LI\DOCUMENTS\VISUAL STUDIO 2012\PROJECTS\FREEFALCON\F4COMPRESS\DEBUG\F4COMPRESS.OBJ
C:\USERS\ZHITAO LI\DOCUMENTS\VISUAL STUDIO 2012\PROJECTS\FREEFALCON\F4COMPRESS\DEBUG\F4CONFIG.OBJ
C:\USERS\ZHITAO LI\DOCUMENTS\VISUAL STUDIO 2012\PROJECTS\FREEFALCON\F4COMPRESS\DEBUG\VC110.PDB
C:\USERS\ZHITAO LI\DOCUMENTS\VISUAL STUDIO 2012\PROJECTS\FREEFALCON\F4COMPRESS\DEBUG\INFLATE.SBR
C:\USERS\ZHITAO LI\DOCUMENTS\VISUAL STUDIO 2012\PROJECTS\FREEFALCON\F4COMPRESS\DEBUG\LISTS.SBR
C:\USERS\ZHITAO LI\DOCUMENTS\VISUAL STUDIO 2012\PROJECTS\FREEFALCON\F4COMPRESS\DEBUG\RESMGR.SBR
C:\USERS\ZHITAO LI\DOCUMENTS\VISUAL STUDIO 2012\PROJECTS\FREEFALCON\F4COMPRESS\DEBUG\UNZIP.SBR
C:\USERS\ZHITAO LI\DOCUMENTS\VISUAL STUDIO 2012\PROJECTS\FREEFALCON\F4COMPRESS\DEBUG\UNZIP.OBJ
C:\USERS\ZHITAO LI\DOCUMENTS\VISUAL STUDIO 2012\PROJECTS\FREEFALCON\F4COMPRESS\DEBUG\RESMGR.OBJ
C:\USERS\ZHITAO LI\DOCUMENTS\VISUAL STUDIO 2012\PROJECTS\FREEFALCON\F4COMPRESS\DEBUG\LISTS.OBJ
C:\USERS\ZHITAO LI\DOCUMENTS\VISUAL STUDIO 2012\PROJECTS\FREEFALCON\F4COMPRESS\DEBUG\INFLATE.OBJ
C:\USERS\ZHITAO LI\DOCUMENTS\VISUAL STUDIO 2012\PROJECTS\FREEFALCON\F4COMPRESS\DEBUG\F4COMPRESS.RES
C:\Users\Zhitao Li\Documents\Visual Studio 2012\Projects\Freefalcon\F4Compress\Debug\AList.obj
C:\Users\Zhitao Li\Documents\Visual Studio 2012\Projects\Freefalcon\F4Compress\Debug\CampStr.obj
C:\Users\Zhitao Li\Documents\Visual Studio 2012\Projects\Freefalcon\F4Compress\Debug\Debuggr.obj
C:\Users\Zhitao Li\Documents\Visual Studio 2012\Projects\Freefalcon\F4Compress\Debug\dispcfg.obj
C:\Users\Zhitao Li\Documents\Visual Studio 2012\Projects\Freefalcon\F4Compress\Debug\dispopts.obj
C:\Users\Zhitao Li\Documents\Visual Studio 2012\Projects\Freefalcon\F4Compress\Debug\F4Compress.obj
C:\Users\Zhitao Li\Documents\Visual Studio 2012\Projects\Freefalcon\F4Compress\Debug\F4Config.obj
C:\Users\Zhitao Li\Documents\Visual Studio 2012\Projects\Freefalcon\F4Compress\Debug\F4find.obj
C:\Users\Zhitao Li\Documents\Visual Studio 2012\Projects\Freefalcon\F4Compress\Debug\File.obj
C:\Users\Zhitao Li\Documents\Visual Studio 2012\Projects\Freefalcon\F4Compress\Debug\FileMemMap.obj
C:\Users\Zhitao Li\Documents\Visual Studio 2012\Projects\Freefalcon\F4Compress\Debug\inflate.obj
C:\Users\Zhitao Li\Documents\Visual Studio 2012\Projects\Freefalcon\F4Compress\Debug\lists.obj
C:\Users\Zhitao Li\Documents\Visual Studio 2012\Projects\Freefalcon\F4Compress\Debug\lzss.obj
C:\Users\Zhitao Li\Documents\Visual Studio 2012\Projects\Freefalcon\F4Compress\Debug\openfile.obj
C:\Users\Zhitao Li\Documents\Visual Studio 2012\Projects\Freefalcon\F4Compress\Debug\PlayerOp.obj
C:\Users\Zhitao Li\Documents\Visual Studio 2012\Projects\Freefalcon\F4Compress\Debug\resmgr.obj
C:\Users\Zhitao Li\Documents\Visual Studio 2012\Projects\Freefalcon\F4Compress\Debug\TheaterDef.obj
C:\Users\Zhitao Li\Documents\Visual Studio 2012\Projects\Freefalcon\F4Compress\Debug\Token.obj
C:\Users\Zhitao Li\Documents\Visual Studio 2012\Projects\Freefalcon\F4Compress\Debug\unzip.obj
C:\Users\Zhitao Li\Documents\Visual Studio 2012\Projects\Freefalcon\F4Compress\Debug\cl.command.1.tlog
C:\Users\Zhitao Li\Documents\Visual Studio 2012\Projects\Freefalcon\F4Compress\Debug\CL.read.1.tlog
C:\Users\Zhitao Li\Documents\Visual Studio 2012\Projects\Freefalcon\F4Compress\Debug\CL.write.1.tlog
C:\Users\Zhitao Li\Documents\Visual Studio 2012\Projects\Freefalcon\F4Compress\Debug\link-cvtres.read.1.tlog
C:\Users\Zhitao Li\Documents\Visual Studio 2012\Projects\Freefalcon\F4Compress\Debug\link-cvtres.write.1.tlog
C:\Users\Zhitao Li\Documents\Visual Studio 2012\Projects\Freefalcon\F4Compress\Debug\link-rc.read.1.tlog
C:\Users\Zhitao Li\Documents\Visual Studio 2012\Projects\Freefalcon\F4Compress\Debug\link-rc.write.1.tlog
C:\Users\Zhitao Li\Documents\Visual Studio 2012\Projects\Freefalcon\F4Compress\Debug\link.command.1.tlog
C:\Users\Zhitao Li\Documents\Visual Studio 2012\Projects\Freefalcon\F4Compress\Debug\link.read.1.tlog
C:\Users\Zhitao Li\Documents\Visual Studio 2012\Projects\Freefalcon\F4Compress\Debug\link.write.1.tlog
C:\Users\Zhitao Li\Documents\Visual Studio 2012\Projects\Freefalcon\F4Compress\Debug\rc.command.1.tlog
C:\Users\Zhitao Li\Documents\Visual Studio 2012\Projects\Freefalcon\F4Compress\Debug\rc.read.1.tlog
C:\Users\Zhitao Li\Documents\Visual Studio 2012\Projects\Freefalcon\F4Compress\Debug\rc.write.1.tlog
C:\Users\Zhitao Li\Documents\Visual Studio 2012\Projects\Freefalcon\F4Compress\Debug\F4Compress.res
C:\Users\Zhitao Li\Documents\Visual Studio 2012\Projects\Freefalcon\F4Compress\Debug\vc110.idb
C:\Users\Zhitao Li\Documents\Visual Studio 2012\Projects\Freefalcon\F4Compress\Debug\F4Compress.pdb
C:\Users\Zhitao Li\Documents\Visual Studio 2012\Projects\Freefalcon\F4Compress\Debug\vc110.pdb
C:\Users\Zhitao Li\Documents\Visual Studio 2012\Projects\Freefalcon\F4Compress\Debug\AList.sbr
C:\Users\Zhitao Li\Documents\Visual Studio 2012\Projects\Freefalcon\F4Compress\Debug\CampStr.sbr
C:\Users\Zhitao Li\Documents\Visual Studio 2012\Projects\Freefalcon\F4Compress\Debug\Debuggr.sbr
C:\Users\Zhitao Li\Documents\Visual Studio 2012\Projects\Freefalcon\F4Compress\Debug\dispcfg.sbr
C:\Users\Zhitao Li\Documents\Visual Studio 2012\Projects\Freefalcon\F4Compress\Debug\dispopts.sbr
C:\Users\Zhitao Li\Documents\Visual Studio 2012\Projects\Freefalcon\F4Compress\Debug\F4Compress.sbr
C:\Users\Zhitao Li\Documents\Visual Studio 2012\Projects\Freefalcon\F4Compress\Debug\F4Config.sbr
C:\Users\Zhitao Li\Documents\Visual Studio 2012\Projects\Freefalcon\F4Compress\Debug\F4find.sbr
C:\Users\Zhitao Li\Documents\Visual Studio 2012\Projects\Freefalcon\F4Compress\Debug\File.sbr
C:\Users\Zhitao Li\Documents\Visual Studio 2012\Projects\Freefalcon\F4Compress\Debug\FileMemMap.sbr
C:\Users\Zhitao Li\Documents\Visual Studio 2012\Projects\Freefalcon\F4Compress\Debug\inflate.sbr
C:\Users\Zhitao Li\Documents\Visual Studio 2012\Projects\Freefalcon\F4Compress\Debug\lists.sbr
C:\Users\Zhitao Li\Documents\Visual Studio 2012\Projects\Freefalcon\F4Compress\Debug\lzss.sbr
C:\Users\Zhitao Li\Documents\Visual Studio 2012\Projects\Freefalcon\F4Compress\Debug\openfile.sbr
C:\Users\Zhitao Li\Documents\Visual Studio 2012\Projects\Freefalcon\F4Compress\Debug\PlayerOp.sbr
C:\Users\Zhitao Li\Documents\Visual Studio 2012\Projects\Freefalcon\F4Compress\Debug\resmgr.sbr
C:\Users\Zhitao Li\Documents\Visual Studio 2012\Projects\Freefalcon\F4Compress\Debug\TheaterDef.sbr
C:\Users\Zhitao Li\Documents\Visual Studio 2012\Projects\Freefalcon\F4Compress\Debug\Token.sbr
C:\Users\Zhitao Li\Documents\Visual Studio 2012\Projects\Freefalcon\F4Compress\Debug\unzip.sbr
