Build started 2/14/2013 3:55:19 PM.
     1>Project "C:\Users\Zhitao Li\Documents\Visual Studio 2012\Projects\Freefalcon\F4Compress\F4Compress.vcxproj" on node 2 (Build target(s)).
     1>InitializeBuildStatus:
         Touching ".\Debug\F4Compress.unsuccessfulbuild".
       ClCompile:
         All outputs are up-to-date.
         All outputs are up-to-date.
       ResourceCompile:
         All outputs are up-to-date.
       Link:
         C:\Program Files (x86)\Microsoft Visual Studio 11.0\VC\bin\link.exe /ERRORREPORT:PROMPT /OUT:".\Debug/F4Compress.exe" /INCREMENTAL /NOLOGO ..\build/debug_win32\ResMgr\ResMgr.lib libCMTD.lib libCPMTD.lib atlsd.lib ..\LandH\Lib\st80w.lib d3dx.lib comsupp.lib ..\amd\lib\debug\amd3d.lib winspool.lib ole32.lib oleaut32.lib odbc32.lib odbccp32.lib oldnames.lib kernel32.lib user32.lib gdi32.lib comdlg32.lib comctl32.lib advapi32.lib shell32.lib uuid.lib winmm.lib vfw32.lib wsock32.lib dsound.lib dxguid.lib dinput8.lib ddraw.lib ..\build/debug_win32\crashhandler\crashhandler.lib ..\extlibs\dbghelp.lib version.lib ..\extlibs\nvDXTlibMT.lib kernel32.lib user32.lib gdi32.lib winspool.lib comdlg32.lib advapi32.lib shell32.lib ole32.lib oleaut32.lib uuid.lib odbc32.lib odbccp32.lib /NODEFAULTLIB /MANIFEST /MANIFESTUAC:"level='asInvoker' uiAccess='false'" /manifest:embed /DEBUG /PDB:".\Debug/F4Compress.pdb" /SUBSYSTEM:CONSOLE /TLBID:1 /DYNAMICBASE /NXCOMPAT /IMPLIB:".\Debug\F4Compress.lib" /MACHINE:X86 /SAFESEH:NO /MACHINE:I386 .\Debug\F4Compress.res
         .\Debug/AList.obj
         .\Debug/CampStr.obj
         .\Debug/Debuggr.obj
         .\Debug/dispcfg.obj
         .\Debug/dispopts.obj
         .\Debug/F4Compress.obj
         .\Debug/F4Config.obj
         .\Debug/F4find.obj
         .\Debug/File.obj
         .\Debug/FileMemMap.obj
         .\Debug/inflate.obj
         .\Debug/lists.obj
         .\Debug/lzss.obj
         .\Debug/openfile.obj
         .\Debug/PlayerOp.obj
         .\Debug/resmgr.obj
         .\Debug/TheaterDef.obj
         .\Debug/Token.obj
         .\Debug/unzip.obj
         "C:\Users\Zhitao Li\Documents\Visual Studio 2012\Projects\Freefalcon\build\debug_win32\ResMgr\ResMgr.lib"
         "C:\Users\Zhitao Li\Documents\Visual Studio 2012\Projects\Freefalcon\build\debug_win32\crashhandler\crashhandler.lib"
         "C:\Users\Zhitao Li\Documents\Visual Studio 2012\Projects\Freefalcon\build\debug_win32\Graphics\BSPLib\BSPLib.lib"
         "C:\Users\Zhitao Li\Documents\Visual Studio 2012\Projects\Freefalcon\build\debug_win32\Graphics\DDStuff\DDStuff.lib"
         "C:\Users\Zhitao Li\Documents\Visual Studio 2012\Projects\Freefalcon\build\debug_win32\Graphics\Objects\Objects.lib"
         "C:\Users\Zhitao Li\Documents\Visual Studio 2012\Projects\Freefalcon\build\debug_win32\Graphics\Renderer\Renderer.lib"
         "C:\Users\Zhitao Li\Documents\Visual Studio 2012\Projects\Freefalcon\build\debug_win32\Graphics\Terrain\Terrain.lib"
         "C:\Users\Zhitao Li\Documents\Visual Studio 2012\Projects\Freefalcon\build\debug_win32\Graphics\Texture\Texture.lib"
         "C:\Users\Zhitao Li\Documents\Visual Studio 2012\Projects\Freefalcon\build\debug_win32\Graphics\Utils\Utils.lib"
         "C:\Users\Zhitao Li\Documents\Visual Studio 2012\Projects\Freefalcon\build\debug_win32\Graphics\Weather\Weather.lib"
         "C:\Users\Zhitao Li\Documents\Visual Studio 2012\Projects\Freefalcon\build\debug_win32\Tools\Tools.lib"
     1>AList.obj : error LNK2019: unresolved external symbol _F4CreateCriticalSection referenced in function "public: __thiscall ProtectedAList::ProtectedAList(void)" (??0ProtectedAList@@QAE@XZ)
     1>Texture.lib(TerrTex.obj) : error LNK2001: unresolved external symbol _F4CreateCriticalSection
     1>AList.obj : error LNK2019: unresolved external symbol _F4DestroyCriticalSection referenced in function "public: __thiscall ProtectedAList::~ProtectedAList(void)" (??1ProtectedAList@@QAE@XZ)
     1>Texture.lib(TerrTex.obj) : error LNK2001: unresolved external symbol _F4DestroyCriticalSection
     1>AList.obj : error LNK2019: unresolved external symbol _F4EnterCriticalSection referenced in function "public: void __thiscall ProtectedAList::Lock(void)" (?Lock@ProtectedAList@@QAEXXZ)
     1>Texture.lib(TerrTex.obj) : error LNK2001: unresolved external symbol _F4EnterCriticalSection
     1>AList.obj : error LNK2019: unresolved external symbol _F4LeaveCriticalSection referenced in function "public: void __thiscall ProtectedAList::Unlock(void)" (?Unlock@ProtectedAList@@QAEXXZ)
     1>Texture.lib(TerrTex.obj) : error LNK2001: unresolved external symbol _F4LeaveCriticalSection
     1>F4Compress.obj : error LNK2019: unresolved external symbol "int __cdecl VuReferenceEntity(class VuEntity *)" (?VuReferenceEntity@@YAHPAVVuEntity@@@Z) referenced in function "public: __thiscall VuBin<class SimBaseClass>::VuBin<class SimBaseClass>(class SimBaseClass *)" (??0?$VuBin@VSimBaseClass@@@@QAE@PAVSimBaseClass@@@Z)
     1>F4Compress.obj : error LNK2019: unresolved external symbol "int __cdecl VuDeReferenceEntity(class VuEntity *)" (?VuDeReferenceEntity@@YAHPAVVuEntity@@@Z) referenced in function "public: __thiscall VuBin<class FalconSessionEntity>::~VuBin<class FalconSessionEntity>(void)" (??1?$VuBin@VFalconSessionEntity@@@@QAE@XZ)
     1>resmgr.obj : error LNK2019: unresolved external symbol __lseek_lk referenced in function __filbuf
     1>resmgr.obj : error LNK2019: unresolved external symbol __read_lk referenced in function __filbuf
     1>TheaterDef.obj : error LNK2019: unresolved external symbol "bool __cdecl ParseSimlibFile(void *,struct InputDataDesc const *,class SimlibFileClass *)" (?ParseSimlibFile@@YA_NPAXPBUInputDataDesc@@PAVSimlibFileClass@@@Z) referenced in function "void __cdecl LoadTheaterDef(char *)" (?LoadTheaterDef@@YAXPAD@Z)
     1>Objects.lib(draw2d.obj) : error LNK2001: unresolved external symbol "public: void __thiscall ContextMPR::SelectTexture1(int)" (?SelectTexture1@ContextMPR@@QAEXH@Z)
     1>Objects.lib(drawcld.obj) : error LNK2001: unresolved external symbol "public: void __thiscall ContextMPR::SelectTexture1(int)" (?SelectTexture1@ContextMPR@@QAEXH@Z)
     1>Objects.lib(drawovc.obj) : error LNK2001: unresolved external symbol "public: void __thiscall ContextMPR::SelectTexture1(int)" (?SelectTexture1@ContextMPR@@QAEXH@Z)
     1>Renderer.lib(OTWsky.obj) : error LNK2001: unresolved external symbol "public: void __thiscall ContextMPR::SelectTexture1(int)" (?SelectTexture1@ContextMPR@@QAEXH@Z)
     1>Texture.lib(TerrTex.obj) : error LNK2019: unresolved external symbol "public: void __thiscall ContextMPR::SelectTexture1(int)" (?SelectTexture1@ContextMPR@@QAEXH@Z) referenced in function "public: bool __thiscall TextureDB::SyncDDSTextures(bool)" (?SyncDDSTextures@TextureDB@@QAE_N_N@Z)
     1>Texture.lib(fartex.obj) : error LNK2001: unresolved external symbol "public: void __thiscall ContextMPR::SelectTexture1(int)" (?SelectTexture1@ContextMPR@@QAEXH@Z)
     1>Weather.lib(realWeather.obj) : error LNK2001: unresolved external symbol "public: void __thiscall ContextMPR::SelectTexture1(int)" (?SelectTexture1@ContextMPR@@QAEXH@Z)
     1>Objects.lib(DrawParticleSys.obj) : error LNK2001: unresolved external symbol "public: void __thiscall ContextMPR::SelectTexture1(int)" (?SelectTexture1@ContextMPR@@QAEXH@Z)
     1>BSPLib.lib(TexBank.obj) : error LNK2001: unresolved external symbol "public: void __thiscall ContextMPR::SelectTexture1(int)" (?SelectTexture1@ContextMPR@@QAEXH@Z)
     1>Objects.lib(Drawsgmt.obj) : error LNK2001: unresolved external symbol "public: void __thiscall ContextMPR::SelectTexture1(int)" (?SelectTexture1@ContextMPR@@QAEXH@Z)
     1>Renderer.lib(Render2d.obj) : error LNK2001: unresolved external symbol "public: void __thiscall ContextMPR::SelectTexture1(int)" (?SelectTexture1@ContextMPR@@QAEXH@Z)
     1>Renderer.lib(Display.obj) : error LNK2001: unresolved external symbol "public: void __thiscall ContextMPR::SelectTexture1(int)" (?SelectTexture1@ContextMPR@@QAEXH@Z)
     1>Renderer.lib(OTW.obj) : error LNK2001: unresolved external symbol "public: void __thiscall ContextMPR::SetState(unsigned short,unsigned long)" (?SetState@ContextMPR@@QAEXGK@Z)
     1>BSPLib.lib(StateStack.obj) : error LNK2019: unresolved external symbol "public: void __thiscall ContextMPR::SetState(unsigned short,unsigned long)" (?SetState@ContextMPR@@QAEXGK@Z) referenced in function "public: static void __cdecl StateStackClass::SetFog(float,struct Pcolor *)" (?SetFog@StateStackClass@@SAXMPAUPcolor@@@Z)
     1>Renderer.lib(Render2d.obj) : error LNK2001: unresolved external symbol "public: void __thiscall ContextMPR::SetState(unsigned short,unsigned long)" (?SetState@ContextMPR@@QAEXGK@Z)
     1>Objects.lib(draw2d.obj) : error LNK2001: unresolved external symbol "public: void __thiscall ContextMPR::SetState(unsigned short,unsigned long)" (?SetState@ContextMPR@@QAEXGK@Z)
     1>Renderer.lib(OTWsky.obj) : error LNK2001: unresolved external symbol "public: void __thiscall ContextMPR::SetState(unsigned short,unsigned long)" (?SetState@ContextMPR@@QAEXGK@Z)
     1>BSPLib.lib(StateStack.obj) : error LNK2019: unresolved external symbol "void __cdecl AssignPmatrixToD3DXMATRIX(struct D3DXMATRIX *,struct Trotation *)" (?AssignPmatrixToD3DXMATRIX@@YAXPAUD3DXMATRIX@@PAUTrotation@@@Z) referenced in function "public: static void __cdecl StateStackClass::DrawObject(class ObjectInstance *,struct Trotation const *,struct Tpoint const *,float)" (?DrawObject@StateStackClass@@SAXPAVObjectInstance@@PBUTrotation@@PBUTpoint@@M@Z)
     1>BSPLib.lib(StateStack.obj) : error LNK2019: unresolved external symbol "public: void __thiscall CDXEngine::DrawObject(class ObjectInstance *,struct D3DXMATRIX *,struct Tpoint const *,float,float,float,float,bool,unsigned long)" (?DrawObject@CDXEngine@@QAEXPAVObjectInstance@@PAUD3DXMATRIX@@PBUTpoint@@MMMM_NK@Z) referenced in function "public: static void __cdecl StateStackClass::DrawObject(class ObjectInstance *,struct Trotation const *,struct Tpoint const *,float)" (?DrawObject@StateStackClass@@SAXPAVObjectInstance@@PBUTrotation@@PBUTpoint@@M@Z)
     1>BSPLib.lib(StateStack.obj) : error LNK2019: unresolved external symbol "public: void __thiscall CDXEngine::SetCamera(struct D3DXMATRIX *,struct _D3DVECTOR,struct D3DXMATRIX *)" (?SetCamera@CDXEngine@@QAEXPAUD3DXMATRIX@@U_D3DVECTOR@@0@Z) referenced in function "public: static void __cdecl StateStackClass::SetCamera(struct Tpoint const *,struct Trotation const *,struct Trotation *,struct Trotation *)" (?SetCamera@StateStackClass@@SAXPBUTpoint@@PBUTrotation@@PAU3@2@Z)
     1>BSPLib.lib(StateStack.obj) : error LNK2019: unresolved external symbol "public: void __thiscall CDXEngine::SetFogLevel(float)" (?SetFogLevel@CDXEngine@@QAEXM@Z) referenced in function "public: static void __cdecl StateStackClass::SetFog(float,struct Pcolor *)" (?SetFog@StateStackClass@@SAXMPAUPcolor@@@Z)
     1>BSPLib.lib(StateStack.obj) : error LNK2019: unresolved external symbol "public: void __thiscall CDXEngine::SetSunLight(float,float,float)" (?SetSunLight@CDXEngine@@QAEXMMM@Z) referenced in function "public: static void __cdecl StateStackClass::SetLight(float,float,float,struct Tpoint *)" (?SetLight@StateStackClass@@SAXMMMPAUTpoint@@@Z)
     1>BSPLib.lib(StateStack.obj) : error LNK2001: unresolved external symbol "public: static struct _D3DLIGHT7 CDXEngine::TheSun" (?TheSun@CDXEngine@@2U_D3DLIGHT7@@A)
     1>BSPLib.lib(StateStack.obj) : error LNK2001: unresolved external symbol "private: static float CDXEngine::m_LODBiasCx" (?m_LODBiasCx@CDXEngine@@0MA)
     1>Objects.lib(DrawParticleSys.obj) : error LNK2001: unresolved external symbol "private: static float CDXEngine::m_LODBiasCx" (?m_LODBiasCx@CDXEngine@@0MA)
     1>BSPLib.lib(StateStack.obj) : error LNK2001: unresolved external symbol "private: static struct _D3DCOLORVALUE CDXEngine::m_FogColor" (?m_FogColor@CDXEngine@@0U_D3DCOLORVALUE@@A)
     1>Objects.lib(DrawParticleSys.obj) : error LNK2001: unresolved external symbol "class CDXEngine TheDXEngine" (?TheDXEngine@@3VCDXEngine@@A)
     1>Objects.lib(draw2d.obj) : error LNK2001: unresolved external symbol "class CDXEngine TheDXEngine" (?TheDXEngine@@3VCDXEngine@@A)
     1>Renderer.lib(OTW.obj) : error LNK2001: unresolved external symbol "class CDXEngine TheDXEngine" (?TheDXEngine@@3VCDXEngine@@A)
     1>Renderer.lib(Render3d.obj) : error LNK2001: unresolved external symbol "class CDXEngine TheDXEngine" (?TheDXEngine@@3VCDXEngine@@A)
     1>Renderer.lib(Display.obj) : error LNK2001: unresolved external symbol "class CDXEngine TheDXEngine" (?TheDXEngine@@3VCDXEngine@@A)
     1>Utils.lib(Setup.obj) : error LNK2001: unresolved external symbol "class CDXEngine TheDXEngine" (?TheDXEngine@@3VCDXEngine@@A)
     1>Weather.lib(realWeather.obj) : error LNK2001: unresolved external symbol "class CDXEngine TheDXEngine" (?TheDXEngine@@3VCDXEngine@@A)
     1>BSPLib.lib(StateStack.obj) : error LNK2001: unresolved external symbol "class CDXEngine TheDXEngine" (?TheDXEngine@@3VCDXEngine@@A)
     1>DDStuff.lib(DevMgr.obj) : error LNK2001: unresolved external symbol "class CDXEngine TheDXEngine" (?TheDXEngine@@3VCDXEngine@@A)
     1>Objects.lib(Drawsgmt.obj) : error LNK2001: unresolved external symbol "class CDXEngine TheDXEngine" (?TheDXEngine@@3VCDXEngine@@A)
     1>Renderer.lib(gmradar.obj) : error LNK2001: unresolved external symbol "class CDXEngine TheDXEngine" (?TheDXEngine@@3VCDXEngine@@A)
     1>BSPLib.lib(ObjectLOD.obj) : error LNK2019: unresolved external symbol "public: bool __thiscall CDXVbManager::SetupModel(unsigned long,unsigned char *,unsigned long)" (?SetupModel@CDXVbManager@@QAE_NKPAEK@Z) referenced in function "protected: unsigned long __thiscall ObjectLOD::Load(void)" (?Load@ObjectLOD@@IAEKXZ)
     1>BSPLib.lib(ObjectLOD.obj) : error LNK2019: unresolved external symbol "public: void __thiscall CDXVbManager::ReleaseModel(unsigned long)" (?ReleaseModel@CDXVbManager@@QAEXK@Z) referenced in function "protected: void __thiscall ObjectLOD::Free(void)" (?Free@ObjectLOD@@IAEXXZ)
     1>BSPLib.lib(ObjectLOD.obj) : error LNK2001: unresolved external symbol "class CDXVbManager TheVbManager" (?TheVbManager@@3VCDXVbManager@@A)
     1>BSPLib.lib(ObjectLOD.obj) : error LNK2001: unresolved external symbol "unsigned long gDebugLodID" (?gDebugLodID@@3KA)
     1>BSPLib.lib(PolyLibDraw.obj) : error LNK2019: unresolved external symbol "public: void __thiscall ContextMPR::SelectForegroundColor(int)" (?SelectForegroundColor@ContextMPR@@QAEXH@Z) referenced in function "void __cdecl SetForegroundColor(unsigned long,int,int)" (?SetForegroundColor@@YAXKHH@Z)
     1>Renderer.lib(OTWsky.obj) : error LNK2001: unresolved external symbol "public: void __thiscall ContextMPR::SelectForegroundColor(int)" (?SelectForegroundColor@ContextMPR@@QAEXH@Z)
     1>Renderer.lib(OTW.obj) : error LNK2001: unresolved external symbol "public: void __thiscall ContextMPR::SelectForegroundColor(int)" (?SelectForegroundColor@ContextMPR@@QAEXH@Z)
     1>Renderer.lib(OTWdraw.obj) : error LNK2001: unresolved external symbol "public: void __thiscall ContextMPR::RestoreState(int)" (?RestoreState@ContextMPR@@QAEXH@Z)
     1>Objects.lib(drawcld.obj) : error LNK2001: unresolved external symbol "public: void __thiscall ContextMPR::RestoreState(int)" (?RestoreState@ContextMPR@@QAEXH@Z)
     1>Objects.lib(drawovc.obj) : error LNK2001: unresolved external symbol "public: void __thiscall ContextMPR::RestoreState(int)" (?RestoreState@ContextMPR@@QAEXH@Z)
     1>Renderer.lib(OTWsky.obj) : error LNK2001: unresolved external symbol "public: void __thiscall ContextMPR::RestoreState(int)" (?RestoreState@ContextMPR@@QAEXH@Z)
     1>Renderer.lib(OTW.obj) : error LNK2001: unresolved external symbol "public: void __thiscall ContextMPR::RestoreState(int)" (?RestoreState@ContextMPR@@QAEXH@Z)
     1>Renderer.lib(Display.obj) : error LNK2001: unresolved external symbol "public: void __thiscall ContextMPR::RestoreState(int)" (?RestoreState@ContextMPR@@QAEXH@Z)
     1>Weather.lib(realWeather.obj) : error LNK2001: unresolved external symbol "public: void __thiscall ContextMPR::RestoreState(int)" (?RestoreState@ContextMPR@@QAEXH@Z)
     1>Objects.lib(DrawParticleSys.obj) : error LNK2001: unresolved external symbol "public: void __thiscall ContextMPR::RestoreState(int)" (?RestoreState@ContextMPR@@QAEXH@Z)
     1>Objects.lib(draw2d.obj) : error LNK2001: unresolved external symbol "public: void __thiscall ContextMPR::RestoreState(int)" (?RestoreState@ContextMPR@@QAEXH@Z)
     1>BSPLib.lib(PolyLibDraw.obj) : error LNK2019: unresolved external symbol "public: void __thiscall ContextMPR::RestoreState(int)" (?RestoreState@ContextMPR@@QAEXH@Z) referenced in function "void __cdecl SelectState(int)" (?SelectState@@YAXH@Z)
     1>Objects.lib(Drawsgmt.obj) : error LNK2001: unresolved external symbol "public: void __thiscall ContextMPR::RestoreState(int)" (?RestoreState@ContextMPR@@QAEXH@Z)
     1>Renderer.lib(gmradar.obj) : error LNK2001: unresolved external symbol "public: void __thiscall ContextMPR::RestoreState(int)" (?RestoreState@ContextMPR@@QAEXH@Z)
     1>Renderer.lib(Render2d.obj) : error LNK2001: unresolved external symbol "public: void __thiscall ContextMPR::RestoreState(int)" (?RestoreState@ContextMPR@@QAEXH@Z)
     1>BSPLib.lib(PolyLibDraw.obj) : error LNK2019: unresolved external symbol "public: void __thiscall ContextMPR::UpdateSpecularFog(unsigned long)" (?UpdateSpecularFog@ContextMPR@@QAEXK@Z) referenced in function "void __cdecl SetSpecularFog(void)" (?SetSpecularFog@@YAXXZ)
     1>BSPLib.lib(PolyLibDraw.obj) : error LNK2019: unresolved external symbol "public: void __thiscall ContextMPR::SetZBuffering(int)" (?SetZBuffering@ContextMPR@@QAEXH@Z) referenced in function "void __cdecl DrawPrimFLine(struct PrimLineFC *)" (?DrawPrimFLine@@YAXPAUPrimLineFC@@@Z)
     1>Renderer.lib(Render2d.obj) : error LNK2001: unresolved external symbol "public: void __thiscall ContextMPR::SetZBuffering(int)" (?SetZBuffering@ContextMPR@@QAEXH@Z)
     1>Renderer.lib(OTW.obj) : error LNK2001: unresolved external symbol "public: void __thiscall ContextMPR::SetZBuffering(int)" (?SetZBuffering@ContextMPR@@QAEXH@Z)
     1>BSPLib.lib(PolyLibDraw.obj) : error LNK2019: unresolved external symbol "public: void __thiscall ContextMPR::SetPalID(int)" (?SetPalID@ContextMPR@@QAEXH@Z) referenced in function "void __cdecl DrawPoly(struct PolyFC *)" (?DrawPoly@@YAXPAUPolyFC@@@Z)
     1>BSPLib.lib(PolyLibDraw.obj) : error LNK2019: unresolved external symbol "public: void __thiscall ContextMPR::DrawPoly(unsigned long,struct Poly *,int *,int *,int *,struct Ptexcoord *,bool)" (?DrawPoly@ContextMPR@@QAEXKPAUPoly@@PAH11PAUPtexcoord@@_N@Z) referenced in function "void __cdecl DrawPoly(struct PolyFC *)" (?DrawPoly@@YAXPAUPolyFC@@@Z)
     1>BSPLib.lib(PolyLibDraw.obj) : error LNK2019: unresolved external symbol "public: void __thiscall ContextMPR::Draw2DLine(struct Tpoint *,struct Tpoint *)" (?Draw2DLine@ContextMPR@@QAEXPAUTpoint@@0@Z) referenced in function "void __cdecl pvtDraw2DLine(int *)" (?pvtDraw2DLine@@YAXPAH@Z)
     1>BSPLib.lib(PolyLibDraw.obj) : error LNK2019: unresolved external symbol "public: void __thiscall ContextMPR::DrawPrimitive2D(int,int,int *)" (?DrawPrimitive2D@ContextMPR@@QAEXHHPAH@Z) referenced in function "void __cdecl pvtDraw2DPrim(enum PpolyType,int,int *)" (?pvtDraw2DPrim@@YAXW4PpolyType@@HPAH@Z)
     1>BSPLib.lib(BSPnodes.obj) : error LNK2019: unresolved external symbol "public: void __thiscall ContextMPR::setGlobalZBias(float)" (?setGlobalZBias@ContextMPR@@QAEXM@Z) referenced in function "public: virtual void __thiscall BRenderControlNode::Draw(void)" (?Draw@BRenderControlNode@@UAEXXZ)
     1>DDStuff.lib(Device.obj) : error LNK2001: unresolved external symbol "public: static int ContextMPR::StateSetupCounter" (?StateSetupCounter@ContextMPR@@2HA)
     1>DDStuff.lib(DevMgr.obj) : error LNK2019: unresolved external symbol "public: void __thiscall CDXEngine::Setup(struct IDirect3DDevice7 *,struct IDirect3D7 *,struct IDirectDraw7 *)" (?Setup@CDXEngine@@QAEXPAUIDirect3DDevice7@@PAUIDirect3D7@@PAUIDirectDraw7@@@Z) referenced in function "public: bool __thiscall DXContext::SetRenderTarget(struct IDirectDrawSurface7 *)" (?SetRenderTarget@DXContext@@QAE_NPAUIDirectDrawSurface7@@@Z)
     1>DDStuff.lib(DevMgr.obj) : error LNK2019: unresolved external symbol "public: void __thiscall CDXEngine::Release(void)" (?Release@CDXEngine@@QAEXXZ) referenced in function "public: void __thiscall DXContext::Shutdown(void)" (?Shutdown@DXContext@@QAEXXZ)
     1>DDStuff.lib(rotate.obj) : error LNK2019: unresolved external symbol "void __cdecl glGetSinCos(float *,float *,int)" (?glGetSinCos@@YAXPAM0H@Z) referenced in function "void __cdecl RotateBitmap(class ImageBuffer *,class ImageBuffer *,int,struct tagRECT *,struct tagRECT *)" (?RotateBitmap@@YAXPAVImageBuffer@@0HPAUtagRECT@@1@Z)
     1>Weather.lib(Tod.obj) : error LNK2001: unresolved external symbol "void __cdecl glGetSinCos(float *,float *,int)" (?glGetSinCos@@YAXPAM0H@Z)
     1>Objects.lib(Drawsgmt.obj) : error LNK2019: unresolved external symbol "public: __thiscall SfxClass::SfxClass(float,class DrawableTrail *)" (??0SfxClass@@QAE@MPAVDrawableTrail@@@Z) referenced in function "public: void __thiscall DrawableTrail::ReleaseToSfx(void)" (?ReleaseToSfx@DrawableTrail@@QAEXXZ)
     1>Objects.lib(Drawsgmt.obj) : error LNK2019: unresolved external symbol "public: void __thiscall OTWDriverClass::AddSfxRequest(class SfxClass *)" (?AddSfxRequest@OTWDriverClass@@QAEXPAVSfxClass@@@Z) referenced in function "public: void __thiscall DrawableTrail::ReleaseToSfx(void)" (?ReleaseToSfx@DrawableTrail@@QAEXXZ)
     1>Objects.lib(Drawsgmt.obj) : error LNK2019: unresolved external symbol "public: void __thiscall CDXEngine::DX2D_AddQuad(unsigned long,unsigned long,struct D3DXVECTOR3 *,struct D3DDYNVERTEX *,float,unsigned long)" (?DX2D_AddQuad@CDXEngine@@QAEXKKPAUD3DXVECTOR3@@PAUD3DDYNVERTEX@@MK@Z) referenced in function "private: void __thiscall DrawableTrail::DrawNode(class RenderOTW *,int,class TrailNode *)" (?DrawNode@DrawableTrail@@AAEXPAVRenderOTW@@HPAVTrailNode@@@Z)
     1>Weather.lib(realWeather.obj) : error LNK2001: unresolved external symbol "public: void __thiscall CDXEngine::DX2D_AddQuad(unsigned long,unsigned long,struct D3DXVECTOR3 *,struct D3DDYNVERTEX *,float,unsigned long)" (?DX2D_AddQuad@CDXEngine@@QAEXKKPAUD3DXVECTOR3@@PAUD3DDYNVERTEX@@MK@Z)
     1>Objects.lib(DrawParticleSys.obj) : error LNK2001: unresolved external symbol "public: void __thiscall CDXEngine::DX2D_AddQuad(unsigned long,unsigned long,struct D3DXVECTOR3 *,struct D3DDYNVERTEX *,float,unsigned long)" (?DX2D_AddQuad@CDXEngine@@QAEXKKPAUD3DXVECTOR3@@PAUD3DDYNVERTEX@@MK@Z)
     1>Objects.lib(draw2d.obj) : error LNK2001: unresolved external symbol "public: void __thiscall CDXEngine::DX2D_AddQuad(unsigned long,unsigned long,struct D3DXVECTOR3 *,struct D3DDYNVERTEX *,float,unsigned long)" (?DX2D_AddQuad@CDXEngine@@QAEXKKPAUD3DXVECTOR3@@PAUD3DDYNVERTEX@@MK@Z)
     1>Renderer.lib(gmradar.obj) : error LNK2019: unresolved external symbol "public: void __thiscall ContextMPR::DrawPrimitive(int,unsigned short,unsigned short,struct MPRVtxTexClr_t * *,bool)" (?DrawPrimitive@ContextMPR@@QAEXHGGPAPAUMPRVtxTexClr_t@@_N@Z) referenced in function "protected: void __thiscall RenderGMRadar::DrawGMsquare(struct GroundMapVertex *,struct GroundMapVertex *,struct GroundMapVertex *,struct GroundMapVertex *)" (?DrawGMsquare@RenderGMRadar@@IAEXPAUGroundMapVertex@@000@Z)
     1>Renderer.lib(Render3d.obj) : error LNK2001: unresolved external symbol "public: void __thiscall ContextMPR::DrawPrimitive(int,unsigned short,unsigned short,struct MPRVtxTexClr_t * *,bool)" (?DrawPrimitive@ContextMPR@@QAEXHGGPAPAUMPRVtxTexClr_t@@_N@Z)
     1>Renderer.lib(clip2d.obj) : error LNK2001: unresolved external symbol "public: void __thiscall ContextMPR::DrawPrimitive(int,unsigned short,unsigned short,struct MPRVtxTexClr_t * *,bool)" (?DrawPrimitive@ContextMPR@@QAEXHGGPAPAUMPRVtxTexClr_t@@_N@Z)
     1>Renderer.lib(clip3d.obj) : error LNK2001: unresolved external symbol "public: void __thiscall ContextMPR::DrawPrimitive(int,unsigned short,unsigned short,struct MPRVtxTexClr_t * *,bool)" (?DrawPrimitive@ContextMPR@@QAEXHGGPAPAUMPRVtxTexClr_t@@_N@Z)
     1>Renderer.lib(gmradar.obj) : error LNK2019: unresolved external symbol "public: void __thiscall ContextMPR::FlushPolyLists(void)" (?FlushPolyLists@ContextMPR@@QAEXXZ) referenced in function "public: void __thiscall RenderGMRadar::FlushDrawnTargets(void)" (?FlushDrawnTargets@RenderGMRadar@@QAEXXZ)
     1>Renderer.lib(gmradar.obj) : error LNK2019: unresolved external symbol "public: void __thiscall CDXEngine::SaveState(void)" (?SaveState@CDXEngine@@QAEXXZ) referenced in function "public: void __thiscall RenderGMRadar::PrepareToDrawTargets(void)" (?PrepareToDrawTargets@RenderGMRadar@@QAEXXZ)
     1>Renderer.lib(gmradar.obj) : error LNK2019: unresolved external symbol "public: void __thiscall CDXEngine::RestoreState(void)" (?RestoreState@CDXEngine@@QAEXXZ) referenced in function "public: void __thiscall RenderGMRadar::FlushDrawnTargets(void)" (?FlushDrawnTargets@RenderGMRadar@@QAEXXZ)
     1>Renderer.lib(gmradar.obj) : error LNK2001: unresolved external symbol "private: static float CDXEngine::m_BlipIntensity" (?m_BlipIntensity@CDXEngine@@0MA)
     1>Renderer.lib(gmradar.obj) : error LNK2001: unresolved external symbol "private: static enum DX_StateType CDXEngine::m_RenderState" (?m_RenderState@CDXEngine@@0W4DX_StateType@@A)
     1>Objects.lib(DrawParticleSys.obj) : error LNK2001: unresolved external symbol "private: static enum DX_StateType CDXEngine::m_RenderState" (?m_RenderState@CDXEngine@@0W4DX_StateType@@A)
     1>Renderer.lib(Render3d.obj) : error LNK2019: unresolved external symbol "void __cdecl AssignD3DXMATRIXToPmatrix(struct Trotation *,struct D3DXMATRIX *)" (?AssignD3DXMATRIXToPmatrix@@YAXPAUTrotation@@PAUD3DXMATRIX@@@Z) referenced in function "public: void __thiscall Render3D::SetCamera(struct Tpoint const *,struct Trotation const *)" (?SetCamera@Render3D@@QAEXPBUTpoint@@PBUTrotation@@@Z)
     1>Renderer.lib(Render3d.obj) : error LNK2001: unresolved external symbol "private: static struct IDirect3DDevice7 * CDXEngine::m_pD3DD" (?m_pD3DD@CDXEngine@@0PAUIDirect3DDevice7@@A)
     1>Renderer.lib(Render3d.obj) : error LNK2001: unresolved external symbol "private: static struct D3DXMATRIX CDXEngine::Projection" (?Projection@CDXEngine@@0UD3DXMATRIX@@A)
     1>Renderer.lib(Render2d.obj) : error LNK2019: unresolved external symbol "public: void __thiscall CFileIO::closefile(void)" (?closefile@CFileIO@@QAEXXZ) referenced in function "public: virtual __thiscall CFileIO::~CFileIO(void)" (??1CFileIO@@UAE@XZ)
     1>Texture.lib(TerrTex.obj) : error LNK2001: unresolved external symbol "public: void __thiscall CFileIO::closefile(void)" (?closefile@CFileIO@@QAEXXZ)
     1>Texture.lib(Tex.obj) : error LNK2001: unresolved external symbol "public: void __thiscall CFileIO::closefile(void)" (?closefile@CFileIO@@QAEXXZ)
     1>Renderer.lib(Render2d.obj) : error LNK2019: unresolved external symbol "public: int __thiscall CFileMemory::glOpenFileMem(char const *)" (?glOpenFileMem@CFileMemory@@QAEHPBD@Z) referenced in function "public: void __thiscall Render2D::Render2DBitmap(int,int,int,int,int,int,char *,bool)" (?Render2DBitmap@Render2D@@QAEXHHHHHHPAD_N@Z)
     1>Texture.lib(TerrTex.obj) : error LNK2001: unresolved external symbol "public: int __thiscall CFileMemory::glOpenFileMem(char const *)" (?glOpenFileMem@CFileMemory@@QAEHPBD@Z)
     1>Texture.lib(Tex.obj) : error LNK2001: unresolved external symbol "public: int __thiscall CFileMemory::glOpenFileMem(char const *)" (?glOpenFileMem@CFileMemory@@QAEHPBD@Z)
     1>Renderer.lib(Render2d.obj) : error LNK2019: unresolved external symbol "public: void __thiscall CFileMemory::glReadFileMem(void)" (?glReadFileMem@CFileMemory@@QAEXXZ) referenced in function "public: void __thiscall Render2D::Render2DBitmap(int,int,int,int,int,int,char *,bool)" (?Render2DBitmap@Render2D@@QAEXHHHHHHPAD_N@Z)
     1>Texture.lib(TerrTex.obj) : error LNK2001: unresolved external symbol "public: void __thiscall CFileMemory::glReadFileMem(void)" (?glReadFileMem@CFileMemory@@QAEXXZ)
     1>Texture.lib(Tex.obj) : error LNK2001: unresolved external symbol "public: void __thiscall CFileMemory::glReadFileMem(void)" (?glReadFileMem@CFileMemory@@QAEXXZ)
     1>Renderer.lib(Render2d.obj) : error LNK2019: unresolved external symbol "public: void __thiscall CFileMemory::glCloseFileMem(void)" (?glCloseFileMem@CFileMemory@@QAEXXZ) referenced in function "int __cdecl ReadTextureImage(class CImageFileMemory *)" (?ReadTextureImage@@YAHPAVCImageFileMemory@@@Z)
     1>Texture.lib(TerrTex.obj) : error LNK2001: unresolved external symbol "public: void __thiscall CFileMemory::glCloseFileMem(void)" (?glCloseFileMem@CFileMemory@@QAEXXZ)
     1>Texture.lib(Tex.obj) : error LNK2001: unresolved external symbol "public: void __thiscall CFileMemory::glCloseFileMem(void)" (?glCloseFileMem@CFileMemory@@QAEXXZ)
     1>Renderer.lib(Render2d.obj) : error LNK2019: unresolved external symbol "public: __thiscall CImageFileMemory::CImageFileMemory(void)" (??0CImageFileMemory@@QAE@XZ) referenced in function "public: void __thiscall Render2D::Render2DBitmap(int,int,int,int,int,int,char *,bool)" (?Render2DBitmap@Render2D@@QAEXHHHHHHPAD_N@Z)
     1>Texture.lib(TerrTex.obj) : error LNK2001: unresolved external symbol "public: __thiscall CImageFileMemory::CImageFileMemory(void)" (??0CImageFileMemory@@QAE@XZ)
     1>Texture.lib(Tex.obj) : error LNK2001: unresolved external symbol "public: __thiscall CImageFileMemory::CImageFileMemory(void)" (??0CImageFileMemory@@QAE@XZ)
     1>Renderer.lib(Render2d.obj) : error LNK2019: unresolved external symbol "unsigned char * __cdecl ConvertImage(struct GLImageInfo *,int,unsigned int *)" (?ConvertImage@@YAPAEPAUGLImageInfo@@HPAI@Z) referenced in function "public: void __thiscall Render2D::Render2DBitmap(int,int,int,int,int,int,char *,bool)" (?Render2DBitmap@Render2D@@QAEXHHHHHHPAD_N@Z)
     1>Renderer.lib(Render2d.obj) : error LNK2019: unresolved external symbol "int __cdecl UnpackGIF(class CImageFileMemory *)" (?UnpackGIF@@YAHPAVCImageFileMemory@@@Z) referenced in function "int __cdecl ReadTextureImage(class CImageFileMemory *)" (?ReadTextureImage@@YAHPAVCImageFileMemory@@@Z)
     1>Texture.lib(TerrTex.obj) : error LNK2001: unresolved external symbol "int __cdecl UnpackGIF(class CImageFileMemory *)" (?UnpackGIF@@YAHPAVCImageFileMemory@@@Z)
     1>Texture.lib(Tex.obj) : error LNK2001: unresolved external symbol "int __cdecl UnpackGIF(class CImageFileMemory *)" (?UnpackGIF@@YAHPAVCImageFileMemory@@@Z)
     1>Renderer.lib(Render2d.obj) : error LNK2019: unresolved external symbol "int __cdecl UnpackLBM(class CImageFileMemory *)" (?UnpackLBM@@YAHPAVCImageFileMemory@@@Z) referenced in function "int __cdecl ReadTextureImage(class CImageFileMemory *)" (?ReadTextureImage@@YAHPAVCImageFileMemory@@@Z)
     1>Texture.lib(TerrTex.obj) : error LNK2001: unresolved external symbol "int __cdecl UnpackLBM(class CImageFileMemory *)" (?UnpackLBM@@YAHPAVCImageFileMemory@@@Z)
     1>Texture.lib(Tex.obj) : error LNK2001: unresolved external symbol "int __cdecl UnpackLBM(class CImageFileMemory *)" (?UnpackLBM@@YAHPAVCImageFileMemory@@@Z)
     1>Renderer.lib(Render2d.obj) : error LNK2019: unresolved external symbol "int __cdecl UnpackPCX(class CImageFileMemory *)" (?UnpackPCX@@YAHPAVCImageFileMemory@@@Z) referenced in function "int __cdecl ReadTextureImage(class CImageFileMemory *)" (?ReadTextureImage@@YAHPAVCImageFileMemory@@@Z)
     1>Texture.lib(TerrTex.obj) : error LNK2001: unresolved external symbol "int __cdecl UnpackPCX(class CImageFileMemory *)" (?UnpackPCX@@YAHPAVCImageFileMemory@@@Z)
     1>Texture.lib(Tex.obj) : error LNK2001: unresolved external symbol "int __cdecl UnpackPCX(class CImageFileMemory *)" (?UnpackPCX@@YAHPAVCImageFileMemory@@@Z)
     1>Renderer.lib(Render2d.obj) : error LNK2019: unresolved external symbol "int __cdecl ReadBMP(class CImageFileMemory *)" (?ReadBMP@@YAHPAVCImageFileMemory@@@Z) referenced in function "int __cdecl ReadTextureImage(class CImageFileMemory *)" (?ReadTextureImage@@YAHPAVCImageFileMemory@@@Z)
     1>Texture.lib(TerrTex.obj) : error LNK2001: unresolved external symbol "int __cdecl ReadBMP(class CImageFileMemory *)" (?ReadBMP@@YAHPAVCImageFileMemory@@@Z)
     1>Texture.lib(Tex.obj) : error LNK2001: unresolved external symbol "int __cdecl ReadBMP(class CImageFileMemory *)" (?ReadBMP@@YAHPAVCImageFileMemory@@@Z)
     1>Renderer.lib(Render2d.obj) : error LNK2019: unresolved external symbol "int __cdecl ReadAPL(class CImageFileMemory *)" (?ReadAPL@@YAHPAVCImageFileMemory@@@Z) referenced in function "int __cdecl ReadTextureImage(class CImageFileMemory *)" (?ReadTextureImage@@YAHPAVCImageFileMemory@@@Z)
     1>Texture.lib(TerrTex.obj) : error LNK2001: unresolved external symbol "int __cdecl ReadAPL(class CImageFileMemory *)" (?ReadAPL@@YAHPAVCImageFileMemory@@@Z)
     1>Texture.lib(Tex.obj) : error LNK2001: unresolved external symbol "int __cdecl ReadAPL(class CImageFileMemory *)" (?ReadAPL@@YAHPAVCImageFileMemory@@@Z)
     1>Renderer.lib(Render2d.obj) : error LNK2019: unresolved external symbol "int __cdecl ReadTGA(class CImageFileMemory *)" (?ReadTGA@@YAHPAVCImageFileMemory@@@Z) referenced in function "int __cdecl ReadTextureImage(class CImageFileMemory *)" (?ReadTextureImage@@YAHPAVCImageFileMemory@@@Z)
     1>Texture.lib(TerrTex.obj) : error LNK2001: unresolved external symbol "int __cdecl ReadTGA(class CImageFileMemory *)" (?ReadTGA@@YAHPAVCImageFileMemory@@@Z)
     1>Texture.lib(Tex.obj) : error LNK2001: unresolved external symbol "int __cdecl ReadTGA(class CImageFileMemory *)" (?ReadTGA@@YAHPAVCImageFileMemory@@@Z)
     1>Renderer.lib(Render2d.obj) : error LNK2019: unresolved external symbol "int __cdecl ReadDDS(class CImageFileMemory *)" (?ReadDDS@@YAHPAVCImageFileMemory@@@Z) referenced in function "int __cdecl ReadTextureImage(class CImageFileMemory *)" (?ReadTextureImage@@YAHPAVCImageFileMemory@@@Z)
     1>Texture.lib(TerrTex.obj) : error LNK2001: unresolved external symbol "int __cdecl ReadDDS(class CImageFileMemory *)" (?ReadDDS@@YAHPAVCImageFileMemory@@@Z)
     1>Texture.lib(Tex.obj) : error LNK2001: unresolved external symbol "int __cdecl ReadDDS(class CImageFileMemory *)" (?ReadDDS@@YAHPAVCImageFileMemory@@@Z)
     1>Renderer.lib(Render2d.obj) : error LNK2019: unresolved external symbol "public: int __thiscall ContextMPR::Setup(class ImageBuffer *,class DXContext *)" (?Setup@ContextMPR@@QAEHPAVImageBuffer@@PAVDXContext@@@Z) referenced in function "public: virtual void __thiscall Render2D::Setup(class ImageBuffer *)" (?Setup@Render2D@@UAEXPAVImageBuffer@@@Z)
     1>Renderer.lib(Render2d.obj) : error LNK2019: unresolved external symbol "public: void __thiscall ContextMPR::Cleanup(void)" (?Cleanup@ContextMPR@@QAEXXZ) referenced in function "public: virtual void __thiscall Render2D::Cleanup(void)" (?Cleanup@Render2D@@UAEXXZ)
     1>Renderer.lib(Render2d.obj) : error LNK2019: unresolved external symbol "public: void __thiscall ContextMPR::NewImageBuffer(unsigned int)" (?NewImageBuffer@ContextMPR@@QAEXI@Z) referenced in function "public: virtual void __thiscall Render2D::SetImageBuffer(class ImageBuffer *)" (?SetImageBuffer@Render2D@@UAEXPAVImageBuffer@@@Z)
     1>Renderer.lib(Render2d.obj) : error LNK2019: unresolved external symbol "public: void __thiscall ContextMPR::StartDraw(void)" (?StartDraw@ContextMPR@@QAEXXZ) referenced in function "public: virtual void __thiscall Render2D::StartDraw(void)" (?StartDraw@Render2D@@UAEXXZ)
     1>Renderer.lib(Render2d.obj) : error LNK2019: unresolved external symbol "public: void __thiscall ContextMPR::EndDraw(void)" (?EndDraw@ContextMPR@@QAEXXZ) referenced in function "public: virtual void __thiscall Render2D::EndDraw(void)" (?EndDraw@Render2D@@UAEXXZ)
     1>Renderer.lib(OTW.obj) : error LNK2001: unresolved external symbol "public: void __thiscall ContextMPR::EndDraw(void)" (?EndDraw@ContextMPR@@QAEXXZ)
     1>Renderer.lib(Render2d.obj) : error LNK2019: unresolved external symbol "public: void __thiscall ContextMPR::Render2DBitmap(int,int,int,int,int,int,int,unsigned long *,bool)" (?Render2DBitmap@ContextMPR@@QAEXHHHHHHHPAK_N@Z) referenced in function "public: void __thiscall Render2D::Render2DBitmap(int,int,int,int,int,int,int,unsigned long *,bool)" (?Render2DBitmap@Render2D@@QAEXHHHHHHHPAK_N@Z)
     1>Renderer.lib(Render2d.obj) : error LNK2019: unresolved external symbol "public: void __thiscall ContextMPR::TexColorDiffuse(void)" (?TexColorDiffuse@ContextMPR@@QAEXXZ) referenced in function "public: virtual void __thiscall Render2D::ScreenText(float,float,char const *,int)" (?ScreenText@Render2D@@UAEXMMPBDH@Z)
     1>Renderer.lib(Render2d.obj) : error LNK2019: unresolved external symbol "public: void __thiscall ContextMPR::Draw2DPoint(float,float)" (?Draw2DPoint@ContextMPR@@QAEXMM@Z) referenced in function "public: virtual void __thiscall Render2D::Render2DPoint(float,float)" (?Render2DPoint@Render2D@@UAEXMM@Z)
     1>Renderer.lib(Render2d.obj) : error LNK2019: unresolved external symbol "public: void __thiscall ContextMPR::Draw2DLine(float,float,float,float)" (?Draw2DLine@ContextMPR@@QAEXMMMM@Z) referenced in function "public: virtual void __thiscall Render2D::Render2DLine(float,float,float,float)" (?Render2DLine@Render2D@@UAEXMMMM@Z)
     1>Renderer.lib(Render2d.obj) : error LNK2019: unresolved external symbol "public: void __thiscall ContextMPR::DrawPrimitive(int,unsigned short,unsigned short,struct MPRVtx_t *,unsigned short)" (?DrawPrimitive@ContextMPR@@QAEXHGGPAUMPRVtx_t@@G@Z) referenced in function "public: virtual void __thiscall Render2D::Render2DTri(float,float,float,float,float,float)" (?Render2DTri@Render2D@@UAEXMMMMMM@Z)
     1>Renderer.lib(OTWsky.obj) : error LNK2001: unresolved external symbol "public: void __thiscall ContextMPR::DrawPrimitive(int,unsigned short,unsigned short,struct MPRVtx_t *,unsigned short)" (?DrawPrimitive@ContextMPR@@QAEXHGGPAUMPRVtx_t@@G@Z)
     1>Renderer.lib(OTW.obj) : error LNK2001: unresolved external symbol "public: void __thiscall ContextMPR::DrawPrimitive(int,unsigned short,unsigned short,struct MPRVtx_t *,unsigned short)" (?DrawPrimitive@ContextMPR@@QAEXHGGPAUMPRVtx_t@@G@Z)
     1>Renderer.lib(Render2d.obj) : error LNK2019: unresolved external symbol "public: void __thiscall ContextMPR::DrawPrimitive(int,unsigned short,unsigned short,struct MPRVtxTexClr_t *,unsigned short)" (?DrawPrimitive@ContextMPR@@QAEXHGGPAUMPRVtxTexClr_t@@G@Z) referenced in function "public: virtual void __thiscall Render2D::ScreenText(float,float,char const *,int)" (?ScreenText@Render2D@@UAEXMMPBDH@Z)
     1>Renderer.lib(Display.obj) : error LNK2019: unresolved external symbol "public: void __thiscall ContextMPR::ZeroViewport(void)" (?ZeroViewport@ContextMPR@@QAEXXZ) referenced in function "public: void __thiscall VirtualDisplay::SetRttRect(int,int,int,int,bool)" (?SetRttRect@VirtualDisplay@@QAEXHHHH_N@Z)
     1>Renderer.lib(Display.obj) : error LNK2019: unresolved external symbol "public: void __thiscall CDXEngine::SetViewport(unsigned long,unsigned long,unsigned long,unsigned long)" (?SetViewport@CDXEngine@@QAEXKKKK@Z) referenced in function "public: virtual void __thiscall VirtualDisplay::SetViewport(float,float,float,float)" (?SetViewport@VirtualDisplay@@UAEXMMMM@Z)
     1>Texture.lib(TerrTex.obj) : error LNK2019: unresolved external symbol "public: void __thiscall ContextMPR::SelectTexture2(int)" (?SelectTexture2@ContextMPR@@QAEXH@Z) referenced in function "public: void __thiscall TextureDB::Select(class ContextMPR *,unsigned long)" (?Select@TextureDB@@QAEXPAVContextMPR@@K@Z)
     1>Texture.lib(TerrTex.obj) : error LNK2019: unresolved external symbol "long __cdecl nvDXTcompress(unsigned char *,unsigned long,unsigned long,unsigned long,struct CompressionOptions *,unsigned long,long (__cdecl*)(void *,int,unsigned long))" (?nvDXTcompress@@YAJPAEKKKPAUCompressionOptions@@KP6AJPAXHK@Z@Z) referenced in function "protected: bool __thiscall TextureDB::SaveDDS_DXTn(char const *,unsigned char *,int)" (?SaveDDS_DXTn@TextureDB@@IAE_NPBDPAEH@Z)
     1>Texture.lib(fartex.obj) : error LNK2001: unresolved external symbol "long __cdecl nvDXTcompress(unsigned char *,unsigned long,unsigned long,unsigned long,struct CompressionOptions *,unsigned long,long (__cdecl*)(void *,int,unsigned long))" (?nvDXTcompress@@YAJPAEKKKPAUCompressionOptions@@KP6AJPAXHK@Z@Z)
     1>Texture.lib(Tex.obj) : error LNK2001: unresolved external symbol "long __cdecl nvDXTcompress(unsigned char *,unsigned long,unsigned long,unsigned long,struct CompressionOptions *,unsigned long,long (__cdecl*)(void *,int,unsigned long))" (?nvDXTcompress@@YAJPAEKKKPAUCompressionOptions@@KP6AJPAXHK@Z@Z)
     1>Utils.lib(Setup.obj) : error LNK2019: unresolved external symbol "public: void __thiscall CDXEngine::SetupTexturesOnDevice(void)" (?SetupTexturesOnDevice@CDXEngine@@QAEXXZ) referenced in function "void __cdecl DeviceDependentGraphicsSetup(class DisplayDevice *)" (?DeviceDependentGraphicsSetup@@YAXPAVDisplayDevice@@@Z)
     1>Utils.lib(Setup.obj) : error LNK2019: unresolved external symbol "public: void __thiscall CDXEngine::CleanUpTexturesOnDevice(void)" (?CleanUpTexturesOnDevice@CDXEngine@@QAEXXZ) referenced in function "void __cdecl DeviceDependentGraphicsCleanup(class DisplayDevice *)" (?DeviceDependentGraphicsCleanup@@YAXPAVDisplayDevice@@@Z)
     1>Weather.lib(Tod.obj) : error LNK2019: unresolved external symbol "double __cdecl glGetCosine(int)" (?glGetCosine@@YANH@Z) referenced in function "public: float __thiscall CTimeOfDay::CalculateMoonBlend(float)" (?CalculateMoonBlend@CTimeOfDay@@QAEMM@Z)
     1>Weather.lib(realWeather.obj) : error LNK2019: unresolved external symbol "public: void __thiscall CDXEngine::DX2D_SetDrawOrder(unsigned long *)" (?DX2D_SetDrawOrder@CDXEngine@@QAEXPAK@Z) referenced in function "public: void __thiscall RealWeather::SetDrawingOrder(float)" (?SetDrawingOrder@RealWeather@@QAEXM@Z)
     1>Weather.lib(realWeather.obj) : error LNK2019: unresolved external symbol "public: void __thiscall CDXEngine::DX2D_SetupSquareCx(float,float)" (?DX2D_SetupSquareCx@CDXEngine@@QAEXMM@Z) referenced in function "public: void __thiscall RealWeather::DrawCumulus(struct Tpoint *,int,float)" (?DrawCumulus@RealWeather@@QAEXPAUTpoint@@HM@Z)
     1>Objects.lib(DrawParticleSys.obj) : error LNK2001: unresolved external symbol "public: void __thiscall CDXEngine::DX2D_SetupSquareCx(float,float)" (?DX2D_SetupSquareCx@CDXEngine@@QAEXMM@Z)
     1>Weather.lib(realWeather.obj) : error LNK2019: unresolved external symbol "public: unsigned char __thiscall VuEntity::IsLocal(void)const " (?IsLocal@VuEntity@@QBEEXZ) referenced in function "public: void __thiscall RealWeather::RefreshWeather(class RenderOTW *)" (?RefreshWeather@RealWeather@@QAEXPAVRenderOTW@@@Z)
     1>Weather.lib(realWeather.obj) : error LNK2019: unresolved external symbol "public: class VuGameEntity * __thiscall VuSessionEntity::Game(void)" (?Game@VuSessionEntity@@QAEPAVVuGameEntity@@XZ) referenced in function "public: void __thiscall RealWeather::RefreshWeather(class RenderOTW *)" (?RefreshWeather@RealWeather@@QAEXPAVRenderOTW@@@Z)
     1>Weather.lib(realWeather.obj) : error LNK2019: unresolved external symbol "int __cdecl TimeOfDayGeneral(void)" (?TimeOfDayGeneral@@YAHXZ) referenced in function "protected: void __thiscall RealWeather::UpdateDrawables(void)" (?UpdateDrawables@RealWeather@@IAEXXZ)
     1>Weather.lib(realWeather.obj) : error LNK2001: unresolved external symbol "class VuBin<class VuSessionEntity> vuLocalSessionEntity" (?vuLocalSessionEntity@@3V?$VuBin@VVuSessionEntity@@@@A)
     1>Objects.lib(Drawbsp.obj) : error LNK2001: unresolved external symbol "int renderACMI" (?renderACMI@@3HA)
     1>Objects.lib(drawpnt.obj) : error LNK2001: unresolved external symbol "int renderACMI" (?renderACMI@@3HA)
     1>Objects.lib(DrawParticleSys.obj) : error LNK2019: unresolved external symbol "public: __thiscall F4SoundPos::F4SoundPos(void)" (??0F4SoundPos@@QAE@XZ) referenced in function "public: __thiscall SubPartSound::SubPartSound(class ParticleNode *)" (??0SubPartSound@@QAE@PAVParticleNode@@@Z)
     1>Objects.lib(DrawParticleSys.obj) : error LNK2019: unresolved external symbol "public: __thiscall F4SoundPos::~F4SoundPos(void)" (??1F4SoundPos@@QAE@XZ) referenced in function "public: virtual __thiscall SubPartSound::~SubPartSound(void)" (??1SubPartSound@@UAE@XZ)
     1>Objects.lib(DrawParticleSys.obj) : error LNK2019: unresolved external symbol "public: void __thiscall F4SoundPos::UpdatePos(float,float,float,float,float,float)" (?UpdatePos@F4SoundPos@@QAEXMMMMMM@Z) referenced in function "private: static void __cdecl DrawableParticleSys::PS_SoundRun(void)" (?PS_SoundRun@DrawableParticleSys@@CAXXZ)
     1>Objects.lib(DrawParticleSys.obj) : error LNK2019: unresolved external symbol "public: void __thiscall F4SoundPos::Sfx(int,int,float,float)" (?Sfx@F4SoundPos@@QAEXHHMM@Z) referenced in function "private: static void __cdecl DrawableParticleSys::PS_SoundRun(void)" (?PS_SoundRun@DrawableParticleSys@@CAXXZ)
     1>Objects.lib(DrawParticleSys.obj) : error LNK2019: unresolved external symbol "public: bool __thiscall F4SoundPos::IsPlaying(int,int)" (?IsPlaying@F4SoundPos@@QAE_NHH@Z) referenced in function "public: virtual int __thiscall SubPartSound::IsRunning(class ParticleNode *)" (?IsRunning@SubPartSound@@UAEHPAVParticleNode@@@Z)
     1>Objects.lib(DrawParticleSys.obj) : error LNK2019: unresolved external symbol "public: unsigned long __thiscall CDXLight::AddDynamicLight(unsigned long,struct DXLightType *,struct D3DXMATRIX *,struct _D3DVECTOR *,float)" (?AddDynamicLight@CDXLight@@QAEKKPAUDXLightType@@PAUD3DXMATRIX@@PAU_D3DVECTOR@@M@Z) referenced in function "private: static void __cdecl DrawableParticleSys::PS_LightsRun(void)" (?PS_LightsRun@DrawableParticleSys@@CAXXZ)
     1>Objects.lib(DrawParticleSys.obj) : error LNK2019: unresolved external symbol "public: void __thiscall CDXEngine::Draw3DPoint(struct _D3DVECTOR *,unsigned long,bool,bool)" (?Draw3DPoint@CDXEngine@@QAEXPAU_D3DVECTOR@@K_N1@Z) referenced in function "public: virtual bool __thiscall SubPartPoly::Run(class RenderOTW *,class ParticleNode *)" (?Run@SubPartPoly@@UAE_NPAVRenderOTW@@PAVParticleNode@@@Z)
     1>Objects.lib(DrawParticleSys.obj) : error LNK2019: unresolved external symbol "public: void __thiscall CDXEngine::LoadTexture(char *)" (?LoadTexture@CDXEngine@@QAEXPAD@Z) referenced in function "private: static bool __cdecl DrawableParticleSys::PS_LoadParameters(void)" (?PS_LoadParameters@DrawableParticleSys@@CA_NXZ)
     1>Objects.lib(DrawParticleSys.obj) : error LNK2019: unresolved external symbol "public: unsigned long __thiscall CDXEngine::GetTextureHandle(char *)" (?GetTextureHandle@CDXEngine@@QAEKPAD@Z) referenced in function "private: static class ParticleTextureNode * __cdecl DrawableParticleSys::GetFramesList(char *,int)" (?GetFramesList@DrawableParticleSys@@CAPAVParticleTextureNode@@PADH@Z)
     1>Objects.lib(DrawParticleSys.obj) : error LNK2019: unresolved external symbol "public: class CTextureItem * __thiscall CDXEngine::DX2D_GetTextureItem(char *)" (?DX2D_GetTextureItem@CDXEngine@@QAEPAVCTextureItem@@PAD@Z) referenced in function "private: static class ParticleTextureNode * __cdecl DrawableParticleSys::GetFramesList(char *,int)" (?GetFramesList@DrawableParticleSys@@CAPAVParticleTextureNode@@PADH@Z)
     1>Objects.lib(DrawParticleSys.obj) : error LNK2019: unresolved external symbol "public: void __thiscall CDXEngine::DX2D_GetTextureUV(class CTextureItem *,unsigned long,float &,float &)" (?DX2D_GetTextureUV@CDXEngine@@QAEXPAVCTextureItem@@KAAM1@Z) referenced in function "public: __thiscall SubPartPoly::SubPartPoly(class ParticleNode *)" (??0SubPartPoly@@QAE@PAVParticleNode@@@Z)
     1>Objects.lib(DrawParticleSys.obj) : error LNK2019: unresolved external symbol "public: unsigned long __thiscall CDXEngine::ComputeSphereVisibility(struct _D3DVECTOR *,float *,unsigned long)" (?ComputeSphereVisibility@CDXEngine@@QAEKPAU_D3DVECTOR@@PAMK@Z) referenced in function "private: static void __cdecl DrawableParticleSys::PS_ClustersRun(void)" (?PS_ClustersRun@DrawableParticleSys@@CAXXZ)
     1>Objects.lib(DrawParticleSys.obj) : error LNK2019: unresolved external symbol "public: bool __thiscall CDXEngine::DX2D_GetVisibility(struct D3DXVECTOR3 *,float,unsigned long)" (?DX2D_GetVisibility@CDXEngine@@QAE_NPAUD3DXVECTOR3@@MK@Z) referenced in function "private: static void __cdecl DrawableParticleSys::PS_PolyRun(void)" (?PS_PolyRun@DrawableParticleSys@@CAXXZ)
     1>Objects.lib(DrawParticleSys.obj) : error LNK2019: unresolved external symbol "public: float __thiscall CDXEngine::DX2D_GetDistance(struct D3DXVECTOR3 *,float,unsigned long)" (?DX2D_GetDistance@CDXEngine@@QAEMPAUD3DXVECTOR3@@MK@Z) referenced in function "public: virtual bool __thiscall SubPartPoly::Run(class RenderOTW *,class ParticleNode *)" (?Run@SubPartPoly@@UAE_NPAVRenderOTW@@PAVParticleNode@@@Z)
     1>Objects.lib(DrawParticleSys.obj) : error LNK2019: unresolved external symbol "public: float __thiscall CDXEngine::DX2D_GetDistance(struct D3DXVECTOR3 *,unsigned long)" (?DX2D_GetDistance@CDXEngine@@QAEMPAUD3DXVECTOR3@@K@Z) referenced in function "private: static void __cdecl DrawableParticleSys::PS_LightsRun(void)" (?PS_LightsRun@DrawableParticleSys@@CAXXZ)
     1>Objects.lib(DrawParticleSys.obj) : error LNK2019: unresolved external symbol "public: void __thiscall CDXEngine::DX2D_GetRelativePosition(struct D3DXVECTOR3 *)" (?DX2D_GetRelativePosition@CDXEngine@@QAEXPAUD3DXVECTOR3@@@Z) referenced in function "private: static void __cdecl DrawableParticleSys::PS_LightsRun(void)" (?PS_LightsRun@DrawableParticleSys@@CAXXZ)
     1>Objects.lib(DrawParticleSys.obj) : error LNK2019: unresolved external symbol "public: void __thiscall CDXEngine::DX2D_AddBi(unsigned long,unsigned long,struct D3DXVECTOR3 *,struct D3DDYNVERTEX *,float,unsigned long)" (?DX2D_AddBi@CDXEngine@@QAEXKKPAUD3DXVECTOR3@@PAUD3DDYNVERTEX@@MK@Z) referenced in function "private: static void __cdecl DrawableParticleSys::PS_SubTrailRun(struct TrailSubPartType *,struct D3DXVECTOR3 &,unsigned long &,unsigned long &,unsigned long,unsigned long)" (?PS_SubTrailRun@DrawableParticleSys@@CAXPAUTrailSubPartType@@AAUD3DXVECTOR3@@AAK2KK@Z)
     1>Objects.lib(DrawParticleSys.obj) : error LNK2019: unresolved external symbol "public: void __thiscall CDXEngine::DX2D_AddSingle(unsigned long,unsigned long,struct D3DXVECTOR3 *,struct D3DDYNVERTEX *,float,unsigned long)" (?DX2D_AddSingle@CDXEngine@@QAEXKKPAUD3DXVECTOR3@@PAUD3DDYNVERTEX@@MK@Z) referenced in function "private: static void __cdecl DrawableParticleSys::PS_SubTrailRun(struct TrailSubPartType *,struct D3DXVECTOR3 &,unsigned long &,unsigned long &,unsigned long,unsigned long)" (?PS_SubTrailRun@DrawableParticleSys@@CAXPAUTrailSubPartType@@AAUD3DXVECTOR3@@AAK2KK@Z)
     1>Objects.lib(DrawParticleSys.obj) : error LNK2019: unresolved external symbol "public: void __thiscall CDXEngine::DX2D_MakeCameraSpace(struct D3DXVECTOR3 *,struct D3DXVECTOR3 *)" (?DX2D_MakeCameraSpace@CDXEngine@@QAEXPAUD3DXVECTOR3@@0@Z) referenced in function "private: static void __cdecl DrawableParticleSys::PS_TrailRun(void)" (?PS_TrailRun@DrawableParticleSys@@CAXXZ)
     1>Objects.lib(DrawParticleSys.obj) : error LNK2019: unresolved external symbol "public: float __thiscall WeatherClass::WindSpeedInFeetPerSecond(struct Tpoint const *)" (?WindSpeedInFeetPerSecond@WeatherClass@@QAEMPBUTpoint@@@Z) referenced in function "public: virtual void __thiscall DrawableParticleSys::Draw(class RenderOTW *,int)" (?Draw@DrawableParticleSys@@UAEXPAVRenderOTW@@H@Z)
     1>Objects.lib(DrawParticleSys.obj) : error LNK2019: unresolved external symbol "public: float __thiscall WeatherClass::WindHeadingAt(struct Tpoint const *)" (?WindHeadingAt@WeatherClass@@QAEMPBUTpoint@@@Z) referenced in function "public: virtual void __thiscall DrawableParticleSys::Draw(class RenderOTW *,int)" (?Draw@DrawableParticleSys@@UAEXPAVRenderOTW@@H@Z)
     1>Objects.lib(DrawParticleSys.obj) : error LNK2019: unresolved external symbol "public: float __thiscall OTWDriverClass::GetGroundLevel(float,float,struct Tpoint *)" (?GetGroundLevel@OTWDriverClass@@QAEMMMPAUTpoint@@@Z) referenced in function "public: virtual void __thiscall DrawableParticleSys::Draw(class RenderOTW *,int)" (?Draw@DrawableParticleSys@@UAEXPAVRenderOTW@@H@Z)
     1>Objects.lib(DrawParticleSys.obj) : error LNK2019: unresolved external symbol "public: int __thiscall OTWDriverClass::GetGroundType(float,float)" (?GetGroundType@OTWDriverClass@@QAEHMM@Z) referenced in function "private: static void __cdecl DrawableParticleSys::PS_EmitterRun(void)" (?PS_EmitterRun@DrawableParticleSys@@CAXXZ)
     1>Objects.lib(DrawParticleSys.obj) : error LNK2001: unresolved external symbol "class CDXLight TheLightEngine" (?TheLightEngine@@3VCDXLight@@A)
     1>Objects.lib(DrawParticleSys.obj) : error LNK2001: unresolved external symbol "struct Tpoint ObserverPosition" (?ObserverPosition@@3UTpoint@@A)
     1>Objects.lib(DrawParticleSys.obj) : error LNK2001: unresolved external symbol "struct Falcon4EntityClassType * Falcon4ClassTable" (?Falcon4ClassTable@@3PAUFalcon4EntityClassType@@A)
     1>Objects.lib(draw2d.obj) : error LNK2019: unresolved external symbol "public: void __thiscall CDXEngine::DX2D_AddPoly(unsigned long,unsigned long,struct D3DXVECTOR3 *,struct D3DDYNVERTEX *,float,unsigned long,unsigned long)" (?DX2D_AddPoly@CDXEngine@@QAEXKKPAUD3DXVECTOR3@@PAUD3DDYNVERTEX@@MKK@Z) referenced in function "void __cdecl Draw2DLensFlare(class RenderOTW *)" (?Draw2DLensFlare@@YAXPAVRenderOTW@@@Z)
     1>Renderer.lib(OTWsky.obj) : error LNK2019: unresolved external symbol "double __cdecl glGetSine(int)" (?glGetSine@@YANH@Z) referenced in function "protected: virtual void __thiscall RenderOTW::AdjustSkyColor(void)" (?AdjustSkyColor@RenderOTW@@MAEXXZ)
     1>Renderer.lib(OTW.obj) : error LNK2019: unresolved external symbol "public: void __thiscall ContextMPR::SetTVmode(int)" (?SetTVmode@ContextMPR@@QAEXH@Z) referenced in function "protected: virtual void __thiscall RenderOTW::ComputeVertexColor(struct TerrainVertex *,struct Tpost *,float,float,float)" (?ComputeVertexColor@RenderOTW@@MAEXPAUTerrainVertex@@PAUTpost@@MMM@Z)
     1>Renderer.lib(OTW.obj) : error LNK2019: unresolved external symbol "public: void __thiscall ContextMPR::SetIRmode(int)" (?SetIRmode@ContextMPR@@QAEXH@Z) referenced in function "protected: virtual void __thiscall RenderOTW::ComputeVertexColor(struct TerrainVertex *,struct Tpost *,float,float,float)" (?ComputeVertexColor@RenderOTW@@MAEXPAUTerrainVertex@@PAUTpost@@MMM@Z)
     1>Renderer.lib(OTW.obj) : error LNK2019: unresolved external symbol "public: void __thiscall CDXEngine::DX2D_Reset(void)" (?DX2D_Reset@CDXEngine@@QAEXXZ) referenced in function "public: void __thiscall RenderOTW::DrawScene(struct Tpoint const *,struct Trotation const *)" (?DrawScene@RenderOTW@@QAEXPBUTpoint@@PBUTrotation@@@Z)
     1>Renderer.lib(OTW.obj) : error LNK2001: unresolved external symbol "private: static bool CDXEngine::m_LinearFog" (?m_LinearFog@CDXEngine@@0_NA)
     1>.\Debug/F4Compress.exe : fatal error LNK1120: 119 unresolved externals
     1>Done Building Project "C:\Users\Zhitao Li\Documents\Visual Studio 2012\Projects\Freefalcon\F4Compress\F4Compress.vcxproj" (Build target(s)) -- FAILED.

Build FAILED.

Time Elapsed 00:00:00.68
